c:\users\ivan\documents\github\threat test\vs thread test\threadvs\threadvs\debug\vc141.pdb
c:\users\ivan\documents\github\threat test\vs thread test\threadvs\threadvs\debug\vc141.idb
c:\users\ivan\documents\github\threat test\vs thread test\threadvs\threadvs\debug\threadvs.pch
c:\users\ivan\documents\github\threat test\vs thread test\threadvs\threadvs\debug\stdafx.obj
c:\users\ivan\documents\github\threat test\vs thread test\threadvs\threadvs\debug\tasksthread.obj
c:\users\ivan\documents\github\threat test\vs thread test\threadvs\threadvs\debug\threadvs.obj
c:\users\ivan\documents\github\threat test\tasksthreads\threadvs\threadvs\debug\threadvs.pch
c:\users\ivan\documents\github\threat test\tasksthreads\threadvs\threadvs\debug\vc141.pdb
c:\users\ivan\documents\github\threat test\tasksthreads\threadvs\threadvs\debug\vc141.idb
c:\users\ivan\documents\github\threat test\tasksthreads\threadvs\threadvs\debug\stdafx.obj
c:\users\ivan\documents\github\threat test\tasksthreads\threadvs\threadvs\debug\tasksthread.obj
c:\users\ivan\documents\github\threat test\tasksthreads\threadvs\threadvs\debug\threadvs.obj
c:\users\ivan\documents\github\threat test\vs thread test\threadvs\debug\threadvs.ilk
c:\users\ivan\documents\github\threat test\vs thread test\threadvs\debug\threadvs.exe
c:\users\ivan\documents\github\threat test\vs thread test\threadvs\debug\threadvs.pdb
c:\users\ivan\documents\github\threat test\tasksthreads\threadvs\debug\threadvs.ilk
c:\users\ivan\documents\github\threat test\tasksthreads\threadvs\debug\threadvs.exe
c:\users\ivan\documents\github\threat test\tasksthreads\threadvs\debug\threadvs.pdb
c:\users\ivan\documents\github\threat test\tasksthreads\threadvs\threadvs\debug\threadvs.tlog\cl.command.1.tlog
c:\users\ivan\documents\github\threat test\tasksthreads\threadvs\threadvs\debug\threadvs.tlog\cl.read.1.tlog
c:\users\ivan\documents\github\threat test\tasksthreads\threadvs\threadvs\debug\threadvs.tlog\cl.write.1.tlog
c:\users\ivan\documents\github\threat test\tasksthreads\threadvs\threadvs\debug\threadvs.tlog\link.command.1.tlog
c:\users\ivan\documents\github\threat test\tasksthreads\threadvs\threadvs\debug\threadvs.tlog\link.read.1.tlog
c:\users\ivan\documents\github\threat test\tasksthreads\threadvs\threadvs\debug\threadvs.tlog\link.write.1.tlog
